Arguments: 
  C:\Program Files\nodejs\node.exe C:\Program Files\nodejs\node_modules\yarn\bin\yarn.js add @nomiclabs/hardhat-waffle ethereum-waffle chai @nomiclabs/hardhat-ethers ethers

PATH: 
  C:\Program Files (x86)\VMware\VMware Player\bin\;C:\Windows\system32;C:\Windows;C:\Windows\System32\Wbem;C:\Windows\System32\WindowsPowerShell\v1.0\;C:\Windows\System32\OpenSSH\;C:\Users\dosin\AppData\Roaming\nvm;C:\Program Files\nodejs;C:\Program Files\Git\cmd;C:\Program Files (x86)\NVIDIA Corporation\PhysX\Common;C:\Program Files\NVIDIA Corporation\NVIDIA NvDLISR;C:\Users\dosin\AppData\Local\Microsoft\WindowsApps;C:\Users\dosin\AppData\Local\Programs\Microsoft VS Code\bin;C:\Users\dosin\AppData\Roaming\nvm;C:\Program Files\nodejs;C:\Users\dosin\AppData\Local\GitHubDesktop\bin;C:\Program Files\heroku\bin

Yarn version: 
  1.22.17

Node version: 
  14.17.0

Platform: 
  win32 x64

Trace: 
  Error: connect ECONNREFUSED 104.16.27.35:443
      at TCPConnectWrap.afterConnect [as oncomplete] (net.js:1146:16)

npm manifest: 
  {
    "name": "buildspace-solidity-wave-portal",
    "version": "1.0.0",
    "description": "",
    "main": "index.js",
    "scripts": {
      "test": "echo \"Error: no test specified\" && exit 1"
    },
    "repository": {
      "type": "git",
      "url": "git+https://github.com/yeshealer/buildspace-solidity-wave-portal.git"
    },
    "keywords": [],
    "author": "",
    "license": "ISC",
    "bugs": {
      "url": "https://github.com/yeshealer/buildspace-solidity-wave-portal/issues"
    },
    "homepage": "https://github.com/yeshealer/buildspace-solidity-wave-portal#readme",
    "devDependencies": {
      "hardhat": "^2.8.4"
    }
  }

yarn manifest: 
  No manifest

Lockfile: 
  No lockfile
